<?xml version="1.0" encoding="UTF-8"?>
<!-- Generated by org.testng.reporters.JUnitReportReporter -->
<testsuite hostname="DESKTOP-C2JSM5E" failures="0" tests="1" name="com.launchBrowser.LaunchBrowser" time="17.944" errors="0" timestamp="10 Apr 2023 12:36:06 GMT">
  <testcase classname="com.launchBrowser.LaunchBrowser" name="tc_01" time="17.944"/>
</testsuite> <!-- com.launchBrowser.LaunchBrowser -->
